[13:17:33][PluginLoader][WARNING] Plugins directory not found.
[13:17:33][NATTCore][INFO] NATT CORE initialization done
Version: 1.7.0 
Configuration path: https://gitlab.com/ap5vs/test-config/telnet-client-config/-/raw/main/test-config-2.yaml?ref_type=heads
Configuration loading mode: FROM URL
[13:17:33][NATTCore][INFO] Working directory path: C:\Semester5\SietoveAplikacie\telnet-client-main\telnet-client-main
[13:17:33][NATTCore][INFO] Start loading of the configuration file ...
[13:17:34][NetworkIO][INFO] Yaml data has been loaded from network location (https://gitlab.com/ap5vs/test-config/telnet-client-config/-/raw/main/test-config-2.yaml?ref_type=heads)
[13:17:34][NATTCore][INFO] Configuration loading done
[13:17:34][NATTCore][INFO] Start building test structure according to the configuration ...
[13:17:34][NATTCore][INFO] Test structure ...
[13:17:35][NATTCore][INFO] Test structure building done
[13:17:35][NATTCore][INFO] Start test executing ...
[13:17:35][TestReportGenerator][INFO] Extenet reports generated. Final report will be saved to file: test_report.html
[13:17:35][NATTCore][INFO] Starts execution on the root keyword  ...
[13:17:35][MessageBuffer][INFO] Message buffer created for module with name: tel-server-1
[13:17:35][TelnetServer][INFO] (tel-server-1) Server socket is listening on port 9999
[13:17:35][MessageBuffer][INFO] Message buffer created for module with name: default
[13:17:35][ExternalProgramRunner][INFO] (default) Run external app with command: java -jar app/build/libs/app.jar localhost 9999
[13:17:35][ProcessManager][INFO] New PID (23252) added to file
[13:17:35][WaitKw][INFO] Waiting: 200 ms
[13:17:35][TestSuiteKw][INFO] Test case 'Test odesl√°n√≠ zpr√°vy 1' starts executing now
[13:17:35][ExternalProgramRunner][INFO] (default) Sending message on standard stream. Message content: This is test message 1
[13:17:35][WaitKw][INFO] Waiting: 500 ms
[13:17:36][ExternalProgramRunner][INFO] (default) Sending message on standard stream. Message content: Next test message
[13:17:36][WaitKw][INFO] Waiting: 1200 ms
[13:17:37][NATTContext][INFO] Data has been stored in to the variable 'var-1'. Data value: 
[13:17:37][NATTContext][INFO] Data has been stored in to the variable 'var-2'. Data value: 
[13:17:37][AssertEqualsKw][WARNING] Assertion failed. True was expected as the result. Condition: (Value of variable '' must equals expected text 'This is test message 1')
[13:17:37][AssertEqualsKw][WARNING] Assertion failed. True was expected as the result. Condition: (Value of variable '' must equals expected text 'Next test message')
[13:17:37][TestSuiteKw][ERROR] Test suite 'Testov√°n√≠ odes√≠l√°n√≠ zpr√°v' - Test case 'Test odesl√°n√≠ zpr√°vy 1' failed
[13:17:37][MessageBuffer][INFO] Message buffer cleared
[13:17:37][TestSuiteKw][INFO] Test case 'Test odesl√°n√≠ zpr√°vy 2' starts executing now
[13:17:37][ExternalProgramRunner][INFO] (default) Sending message on standard stream. Message content: This is test message 1
[13:17:37][ExternalProgramRunner][INFO] (default) Sending message on standard stream. Message content: This is test message 2
[13:17:37][ExternalProgramRunner][INFO] (default) Sending message on standard stream. Message content: This is test message 3
[13:17:37][ExternalProgramRunner][INFO] (default) Sending message on standard stream. Message content: This is test message 4
[13:17:37][ExternalProgramRunner][INFO] (default) Sending message on standard stream. Message content: This is test message 5
[13:17:37][WaitKw][INFO] Waiting: 1200 ms
[13:17:39][NATTContext][INFO] Data has been stored in to the variable 'var-1'. Data value: 
[13:17:39][AssertEqualsKw][WARNING] Assertion failed. True was expected as the result. Condition: (Value of variable '' must equals expected text 'This is test message 3')
[13:17:39][NATTContext][INFO] Data has been stored in to the variable 'var-2'. Data value: 0
[13:17:39][AssertEqualsKw][WARNING] Assertion failed. True was expected as the result. Condition: (Expected value '5.000000' must be same as the value of the variable '0')
[13:17:39][TestSuiteKw][ERROR] Test suite 'Testov√°n√≠ odes√≠l√°n√≠ zpr√°v' - Test case 'Test odesl√°n√≠ zpr√°vy 2' failed
[13:17:39][MessageBuffer][INFO] Message buffer cleared
[13:17:39][TestSuiteKw][INFO] Test case 'Test odesl√°n√≠ zpr√°vy 3' starts executing now
[13:17:39][ExternalProgramRunner][INFO] (default) Sending message on standard stream. Message content: This is test message 1
[13:17:39][ExternalProgramRunner][INFO] (default) Sending message on standard stream. Message content: This is test message 3
[13:17:39][ExternalProgramRunner][INFO] (default) Sending message on standard stream. Message content: This is test message 5
[13:17:39][WaitKw][INFO] Waiting: 1200 ms
[13:17:40][NATTContext][INFO] Data has been stored in to the variable 'var-1'. Data value: 
[13:17:41][TestSuiteKw][INFO] Test suite 'Testov√°n√≠ odes√≠l√°n√≠ zpr√°v' - Test case 'Test odesl√°n√≠ zpr√°vy 3' passed
[13:17:41][MessageBuffer][INFO] Message buffer cleared
[13:17:41][MessageBuffer][INFO] Message buffer cleared
[13:17:41][ExternalProgramRunner][INFO] (default) Termiting external application
[13:17:41][TelnetServer][INFO] (tel-server-1) Client disconnected
[13:17:41][TelnetServer][INFO] (tel-server-1) Client disconnected
[13:17:41][ProcessManager][INFO] PID (23252) removed from file
[13:17:41][ExternalProgramRunner][INFO] (default) Run external app with command: java -jar app/build/libs/app.jar localhost 9999
[13:17:41][ProcessManager][INFO] PID (23252) removed from file
[13:17:41][ProcessManager][INFO] New PID (928) added to file
[13:17:41][ExternalProgramRunner][WARNING] (default) External application ends with error: 1
[13:17:41][WaitKw][INFO] Waiting: 200 ms
[13:17:42][TestSuiteKw][INFO] Test case 'Test p≈ôij√≠m√°n√≠ zpr√°v 1' starts executing now
[13:17:42][TelnetServer][INFO] (tel-server-1) Message send: This is message from server
[13:17:42][WaitKw][INFO] Waiting: 1200 ms
[13:17:42][MessageBuffer][INFO] Message added to buffer [ Mod: default | Tag:  ] Content: 'This is message from server'
[13:17:42][MessageBuffer][INFO] Message added to buffer [ Mod: default | Tag:  ] Content: ''
[13:17:43][NATTContext][INFO] Data has been stored in to the variable 'var-1'. Data value: This is message from server
[13:17:43][TestSuiteKw][INFO] Test suite 'Testov√°n√≠ p≈ôij√≠m√°n√≠ zpr√°v' - Test case 'Test p≈ôij√≠m√°n√≠ zpr√°v 1' passed
[13:17:43][MessageBuffer][INFO] Message buffer cleared
[13:17:44][TestSuiteKw][INFO] Test case 'Test p≈ôij√≠m√°n√≠ zpr√°v 2' starts executing now
[13:17:44][TelnetServer][INFO] (tel-server-1) Message send: This is message from server 1
[13:17:44][MessageBuffer][INFO] Message added to buffer [ Mod: default | Tag:  ] Content: 'This is message from server 1'
[13:17:44][WaitKw][INFO] Waiting: 400 ms
[13:17:44][MessageBuffer][INFO] Message added to buffer [ Mod: default | Tag:  ] Content: ''
[13:17:44][TelnetServer][INFO] (tel-server-1) Message send: Next message
[13:17:44][MessageBuffer][INFO] Message added to buffer [ Mod: default | Tag:  ] Content: 'Next message'
[13:17:44][MessageBuffer][INFO] Message added to buffer [ Mod: default | Tag:  ] Content: ''
[13:17:44][WaitKw][INFO] Waiting: 900 ms
[13:17:45][NATTContext][INFO] Data has been stored in to the variable 'var-1'. Data value: This is message from server 1
[13:17:45][NATTContext][INFO] Data has been stored in to the variable 'var-2'. Data value: 
[13:17:45][AssertEqualsKw][WARNING] Assertion failed. True was expected as the result. Condition: (Value of variable '' must equals expected text 'Next message')
[13:17:45][TestSuiteKw][ERROR] Test suite 'Testov√°n√≠ p≈ôij√≠m√°n√≠ zpr√°v' - Test case 'Test p≈ôij√≠m√°n√≠ zpr√°v 2' failed
[13:17:45][MessageBuffer][INFO] Message buffer cleared
[13:17:46][MessageBuffer][INFO] Message buffer cleared
[13:17:46][ExternalProgramRunner][INFO] (default) Termiting external application
[13:17:46][ProcessManager][INFO] PID (928) removed from file
[13:17:46][ExternalProgramRunner][INFO] (default) Run external app with command: java -jar app/build/libs/app.jar localhost 9999
[13:17:46][TelnetServer][INFO] (tel-server-1) Client disconnected
[13:17:46][TelnetServer][INFO] (tel-server-1) Client disconnected
[13:17:46][ProcessManager][INFO] PID (928) removed from file
[13:17:46][ProcessManager][INFO] New PID (32600) added to file
[13:17:46][WaitKw][INFO] Waiting: 200 ms
[13:17:46][ExternalProgramRunner][WARNING] (default) External application ends with error: 1
[13:17:46][TestSuiteKw][INFO] Test case 'Test ukonƒ?en√≠' starts executing now
[13:17:46][ExternalProgramRunner][INFO] (default) Sending message on standard stream. Message content: /QUIT
[13:17:46][WaitKw][INFO] Waiting: 1000 ms
[13:17:47][AssertAppIsRunningKw][WARNING] Assertion failed. False was expected as the result. Condition: (External tested application is running)
[13:17:47][TestSuiteKw][ERROR] Test suite 'Test p≈ô√≠kazu pro ukonƒ?en√≠' - Test case 'Test ukonƒ?en√≠' failed
[13:17:47][MessageBuffer][INFO] Message buffer cleared
[13:17:48][MessageBuffer][INFO] Message buffer cleared
[13:17:48][ExternalProgramRunner][INFO] (default) Termiting external application
[13:17:48][ProcessManager][INFO] PID (32600) removed from file
[13:17:48][TelnetServer][INFO] (tel-server-1) Client disconnected
[13:17:48][TelnetServer][INFO] (tel-server-1) Client disconnected
[13:17:48][ProcessManager][INFO] PID (32600) removed from file
[13:17:48][MessageBuffer][INFO] Message buffer cleared
[13:17:48][TelnetServer][INFO] (tel-server-1) Telnet server [tel-server-1] terminated
[13:17:48][NATTCore][INFO] Test executing finished
[13:17:48][TelnetServer][INFO] (tel-server-1) Server socket closed
[13:17:48][NATTCore][INFO] Start generating test report
[13:17:48][ExternalProgramRunner][WARNING] (default) External application ends with error: 1
[13:17:48][TestReportGenerator][INFO] Report saved to file
[13:17:48][NATTCore][WARNING] Failed test cases: "Test odesl√°n√≠ zpr√°vy 1", "Test odesl√°n√≠ zpr√°vy 2", "Test p≈ôij√≠m√°n√≠ zpr√°v 2", "Test ukonƒ?en√≠"
[13:17:48][NATTCore][INFO] Final score: 1.333333
[13:17:48][NATTCore][ERROR] Testing done. Leaving status: FAILED
