[12:45:49][PluginLoader][WARNING] Plugins directory not found.
[12:45:50][ProcessManager][WARNING] Failed to read PIDs: pid-list.txt (The system cannot find the file specified)
[12:45:50][NATTCore][INFO] NATT CORE initialization done
Version: 1.7.0 
Configuration path: https://gitlab.com/ap5vs/test-config/telnet-client-config/-/raw/main/test-config-2.yaml?ref_type=heads
Configuration loading mode: FROM URL
[12:45:50][NATTCore][INFO] Working directory path: C:\Semester5\SietoveAplikacie\telnet-client-main\telnet-client-main
[12:45:50][NATTCore][INFO] Start loading of the configuration file ...
[12:45:51][NetworkIO][INFO] Yaml data has been loaded from network location (https://gitlab.com/ap5vs/test-config/telnet-client-config/-/raw/main/test-config-2.yaml?ref_type=heads)
[12:45:51][NATTCore][INFO] Configuration loading done
[12:45:51][NATTCore][INFO] Start building test structure according to the configuration ...
[12:45:51][NATTCore][INFO] Test structure ...
[12:45:51][NATTCore][INFO] Test structure building done
[12:45:51][NATTCore][INFO] Start test executing ...
[12:45:51][TestReportGenerator][INFO] Extenet reports generated. Final report will be saved to file: test_report.html
[12:45:51][NATTCore][INFO] Starts execution on the root keyword  ...
[12:45:51][MessageBuffer][INFO] Message buffer created for module with name: tel-server-1
[12:45:51][TelnetServer][INFO] (tel-server-1) Server socket is listening on port 9999
[12:45:51][MessageBuffer][INFO] Message buffer created for module with name: default
[12:45:51][ExternalProgramRunner][INFO] (default) Run external app with command: java -jar app/build/libs/app.jar localhost 9999
[12:45:52][ProcessManager][INFO] New PID (31548) added to file
[12:45:52][WaitKw][INFO] Waiting: 200 ms
[12:45:52][TestSuiteKw][INFO] Test case 'Test odesl√°n√≠ zpr√°vy 1' starts executing now
[12:45:52][ExternalProgramRunner][INFO] (default) Sending message on standard stream. Message content: This is test message 1
[12:45:52][WaitKw][INFO] Waiting: 500 ms
[12:45:52][ProcessManager][INFO] PID (31548) removed from file
[12:45:52][ExternalProgramRunner][INFO] (default) External application ends with exit code 0
[12:45:52][ExternalProgramRunner][WARNING] (default) Failed to send data. External app is not running now!
[12:45:52][WaitKw][INFO] Waiting: 1200 ms
[12:45:53][NATTContext][INFO] Data has been stored in to the variable 'var-1'. Data value: 
[12:45:53][NATTContext][INFO] Data has been stored in to the variable 'var-2'. Data value: 
[12:45:53][AssertEqualsKw][WARNING] Assertion failed. True was expected as the result. Condition: (Value of variable '' must equals expected text 'This is test message 1')
[12:45:53][AssertEqualsKw][WARNING] Assertion failed. True was expected as the result. Condition: (Value of variable '' must equals expected text 'Next test message')
[12:45:53][TestSuiteKw][ERROR] Test suite 'Testov√°n√≠ odes√≠l√°n√≠ zpr√°v' - Test case 'Test odesl√°n√≠ zpr√°vy 1' failed
[12:45:54][MessageBuffer][INFO] Message buffer cleared
[12:45:54][TestSuiteKw][INFO] Test case 'Test odesl√°n√≠ zpr√°vy 2' starts executing now
[12:45:54][ExternalProgramRunner][WARNING] (default) Failed to send data. External app is not running now!
[12:45:54][ExternalProgramRunner][WARNING] (default) Failed to send data. External app is not running now!
[12:45:54][ExternalProgramRunner][WARNING] (default) Failed to send data. External app is not running now!
[12:45:54][ExternalProgramRunner][WARNING] (default) Failed to send data. External app is not running now!
[12:45:54][ExternalProgramRunner][WARNING] (default) Failed to send data. External app is not running now!
[12:45:54][WaitKw][INFO] Waiting: 1200 ms
[12:45:55][NATTContext][INFO] Data has been stored in to the variable 'var-1'. Data value: 
[12:45:55][AssertEqualsKw][WARNING] Assertion failed. True was expected as the result. Condition: (Value of variable '' must equals expected text 'This is test message 3')
[12:45:55][NATTContext][INFO] Data has been stored in to the variable 'var-2'. Data value: 0
[12:45:55][AssertEqualsKw][WARNING] Assertion failed. True was expected as the result. Condition: (Expected value '5.000000' must be same as the value of the variable '0')
[12:45:55][TestSuiteKw][ERROR] Test suite 'Testov√°n√≠ odes√≠l√°n√≠ zpr√°v' - Test case 'Test odesl√°n√≠ zpr√°vy 2' failed
[12:45:56][MessageBuffer][INFO] Message buffer cleared
[12:45:56][TestSuiteKw][INFO] Test case 'Test odesl√°n√≠ zpr√°vy 3' starts executing now
[12:45:56][ExternalProgramRunner][WARNING] (default) Failed to send data. External app is not running now!
[12:45:56][ExternalProgramRunner][WARNING] (default) Failed to send data. External app is not running now!
[12:45:56][ExternalProgramRunner][WARNING] (default) Failed to send data. External app is not running now!
[12:45:56][WaitKw][INFO] Waiting: 1200 ms
[12:45:57][NATTContext][INFO] Data has been stored in to the variable 'var-1'. Data value: 
[12:45:57][TestSuiteKw][ERROR] Test suite 'Testov√°n√≠ odes√≠l√°n√≠ zpr√°v' - Test case 'Test odesl√°n√≠ zpr√°vy 3' failed
[12:45:57][MessageBuffer][INFO] Message buffer cleared
[12:45:58][MessageBuffer][INFO] Message buffer cleared
[12:45:58][ExternalProgramRunner][INFO] (default) Run external app with command: java -jar app/build/libs/app.jar localhost 9999
[12:45:58][ProcessManager][INFO] New PID (22288) added to file
[12:45:58][WaitKw][INFO] Waiting: 200 ms
[12:45:58][TestSuiteKw][INFO] Test case 'Test p≈ôij√≠m√°n√≠ zpr√°v 1' starts executing now
[12:45:58][TelnetServer][INFO] (tel-server-1) Message send: This is message from server
[12:45:58][WaitKw][INFO] Waiting: 1200 ms
[12:45:58][ProcessManager][INFO] PID (22288) removed from file
[12:45:58][ExternalProgramRunner][INFO] (default) External application ends with exit code 0
[12:46:00][NATTContext][INFO] Data has been stored in to the variable 'var-1'. Data value: 
[12:46:00][AssertEqualsKw][WARNING] Assertion failed. True was expected as the result. Condition: (Value of variable '' must equals expected text 'This is message from server')
[12:46:00][TestSuiteKw][ERROR] Test suite 'Testov√°n√≠ p≈ôij√≠m√°n√≠ zpr√°v' - Test case 'Test p≈ôij√≠m√°n√≠ zpr√°v 1' failed
[12:46:00][MessageBuffer][INFO] Message buffer cleared
[12:46:00][TestSuiteKw][INFO] Test case 'Test p≈ôij√≠m√°n√≠ zpr√°v 2' starts executing now
[12:46:00][TelnetServer][INFO] (tel-server-1) Message send: This is message from server 1
[12:46:00][WaitKw][INFO] Waiting: 400 ms
[12:46:01][TelnetServer][INFO] (tel-server-1) Message send: Next message
[12:46:01][WaitKw][INFO] Waiting: 900 ms
[12:46:02][NATTContext][INFO] Data has been stored in to the variable 'var-1'. Data value: 
[12:46:02][NATTContext][INFO] Data has been stored in to the variable 'var-2'. Data value: 
[12:46:02][AssertEqualsKw][WARNING] Assertion failed. True was expected as the result. Condition: (Value of variable '' must equals expected text 'This is message from server 1')
[12:46:02][AssertEqualsKw][WARNING] Assertion failed. True was expected as the result. Condition: (Value of variable '' must equals expected text 'Next message')
[12:46:02][TestSuiteKw][ERROR] Test suite 'Testov√°n√≠ p≈ôij√≠m√°n√≠ zpr√°v' - Test case 'Test p≈ôij√≠m√°n√≠ zpr√°v 2' failed
[12:46:02][MessageBuffer][INFO] Message buffer cleared
[12:46:03][MessageBuffer][INFO] Message buffer cleared
[12:46:03][ExternalProgramRunner][INFO] (default) Run external app with command: java -jar app/build/libs/app.jar localhost 9999
[12:46:03][ProcessManager][INFO] New PID (21448) added to file
[12:46:03][WaitKw][INFO] Waiting: 200 ms
[12:46:03][TestSuiteKw][INFO] Test case 'Test ukonƒ?en√≠' starts executing now
[12:46:03][ExternalProgramRunner][INFO] (default) Sending message on standard stream. Message content: /QUIT
[12:46:03][WaitKw][INFO] Waiting: 1000 ms
[12:46:03][ProcessManager][INFO] PID (21448) removed from file
[12:46:03][ExternalProgramRunner][INFO] (default) External application ends with exit code 0
[12:46:04][TestSuiteKw][INFO] Test suite 'Test p≈ô√≠kazu pro ukonƒ?en√≠' - Test case 'Test ukonƒ?en√≠' passed
[12:46:04][MessageBuffer][INFO] Message buffer cleared
[12:46:05][MessageBuffer][INFO] Message buffer cleared
[12:46:05][MessageBuffer][INFO] Message buffer cleared
[12:46:05][TelnetServer][INFO] (tel-server-1) Telnet server [tel-server-1] terminated
[12:46:05][TelnetServer][INFO] (tel-server-1) Server socket closed
[12:46:05][NATTCore][INFO] Test executing finished
[12:46:05][NATTCore][INFO] Start generating test report
[12:46:05][TestReportGenerator][INFO] Report saved to file
[12:46:05][NATTCore][WARNING] Failed test cases: "Test odesl√°n√≠ zpr√°vy 1", "Test odesl√°n√≠ zpr√°vy 2", "Test odesl√°n√≠ zpr√°vy 3", "Test p≈ôij√≠m√°n√≠ zpr√°v 1", "Test p≈ôij√≠m√°n√≠ zpr√°v 2"
[12:46:05][NATTCore][INFO] Final score: 0.666667
[12:46:05][NATTCore][ERROR] Testing done. Leaving status: FAILED
