[13:37:10][PluginLoader][WARNING] Plugins directory not found.
[13:37:10][NATTCore][INFO] NATT CORE initialization done
Version: 1.7.0 
Configuration path: https://gitlab.com/ap5vs/test-config/telnet-client-config/-/raw/main/test-config-2.yaml?ref_type=heads
Configuration loading mode: FROM URL
[13:37:10][NATTCore][INFO] Working directory path: C:\Semester5\SietoveAplikacie\telnet-client-main\telnet-client-main
[13:37:10][NATTCore][INFO] Start loading of the configuration file ...
[13:37:11][NetworkIO][INFO] Yaml data has been loaded from network location (https://gitlab.com/ap5vs/test-config/telnet-client-config/-/raw/main/test-config-2.yaml?ref_type=heads)
[13:37:11][NATTCore][INFO] Configuration loading done
[13:37:11][NATTCore][INFO] Start building test structure according to the configuration ...
[13:37:11][NATTCore][INFO] Test structure ...
[13:37:12][NATTCore][INFO] Test structure building done
[13:37:12][NATTCore][INFO] Start test executing ...
[13:37:12][TestReportGenerator][INFO] Extenet reports generated. Final report will be saved to file: test_report.html
[13:37:12][NATTCore][INFO] Starts execution on the root keyword  ...
[13:37:12][MessageBuffer][INFO] Message buffer created for module with name: tel-server-1
[13:37:12][TelnetServer][INFO] (tel-server-1) Server socket is listening on port 9999
[13:37:12][MessageBuffer][INFO] Message buffer created for module with name: default
[13:37:12][ExternalProgramRunner][INFO] (default) Run external app with command: java -jar app/build/libs/app.jar localhost 9999
[13:37:12][ProcessManager][INFO] New PID (28304) added to file
[13:37:12][WaitKw][INFO] Waiting: 200 ms
[13:37:12][TestSuiteKw][INFO] Test case 'Test odesl√°n√≠ zpr√°vy 1' starts executing now
[13:37:12][ExternalProgramRunner][INFO] (default) Sending message on standard stream. Message content: This is test message 1
[13:37:12][WaitKw][INFO] Waiting: 500 ms
[13:37:12][MessageBuffer][INFO] Message added to buffer [ Mod: tel-server-1 | Tag: client-1 ] Content: 'This is test message 1'
[13:37:13][ExternalProgramRunner][INFO] (default) Sending message on standard stream. Message content: Next test message
[13:37:13][WaitKw][INFO] Waiting: 1200 ms
[13:37:13][MessageBuffer][INFO] Message added to buffer [ Mod: tel-server-1 | Tag: client-1 ] Content: 'Next test message'
[13:37:14][NATTContext][INFO] Data has been stored in to the variable 'var-1'. Data value: This is test message 1
[13:37:14][NATTContext][INFO] Data has been stored in to the variable 'var-2'. Data value: Next test message
[13:37:14][TestSuiteKw][INFO] Test suite 'Testov√°n√≠ odes√≠l√°n√≠ zpr√°v' - Test case 'Test odesl√°n√≠ zpr√°vy 1' passed
[13:37:14][MessageBuffer][INFO] Message buffer cleared
[13:37:14][TestSuiteKw][INFO] Test case 'Test odesl√°n√≠ zpr√°vy 2' starts executing now
[13:37:14][ExternalProgramRunner][INFO] (default) Sending message on standard stream. Message content: This is test message 1
[13:37:14][ExternalProgramRunner][INFO] (default) Sending message on standard stream. Message content: This is test message 2
[13:37:14][MessageBuffer][INFO] Message added to buffer [ Mod: tel-server-1 | Tag: client-1 ] Content: 'This is test message 1'
[13:37:14][ExternalProgramRunner][INFO] (default) Sending message on standard stream. Message content: This is test message 3
[13:37:14][MessageBuffer][INFO] Message added to buffer [ Mod: tel-server-1 | Tag: client-1 ] Content: 'This is test message 2'
[13:37:14][ExternalProgramRunner][INFO] (default) Sending message on standard stream. Message content: This is test message 4
[13:37:14][MessageBuffer][INFO] Message added to buffer [ Mod: tel-server-1 | Tag: client-1 ] Content: 'This is test message 3'
[13:37:14][ExternalProgramRunner][INFO] (default) Sending message on standard stream. Message content: This is test message 5
[13:37:14][MessageBuffer][INFO] Message added to buffer [ Mod: tel-server-1 | Tag: client-1 ] Content: 'This is test message 4'
[13:37:14][WaitKw][INFO] Waiting: 1200 ms
[13:37:14][MessageBuffer][INFO] Message added to buffer [ Mod: tel-server-1 | Tag: client-1 ] Content: 'This is test message 5'
[13:37:16][NATTContext][INFO] Data has been stored in to the variable 'var-1'. Data value: This is test message 3
[13:37:16][NATTContext][INFO] Data has been stored in to the variable 'var-2'. Data value: 5
[13:37:16][TestSuiteKw][INFO] Test suite 'Testov√°n√≠ odes√≠l√°n√≠ zpr√°v' - Test case 'Test odesl√°n√≠ zpr√°vy 2' passed
[13:37:16][MessageBuffer][INFO] Message buffer cleared
[13:37:16][TestSuiteKw][INFO] Test case 'Test odesl√°n√≠ zpr√°vy 3' starts executing now
[13:37:16][ExternalProgramRunner][INFO] (default) Sending message on standard stream. Message content: This is test message 1
[13:37:16][ExternalProgramRunner][INFO] (default) Sending message on standard stream. Message content: This is test message 3
[13:37:16][MessageBuffer][INFO] Message added to buffer [ Mod: tel-server-1 | Tag: client-1 ] Content: 'This is test message 1'
[13:37:16][ExternalProgramRunner][INFO] (default) Sending message on standard stream. Message content: This is test message 5
[13:37:16][MessageBuffer][INFO] Message added to buffer [ Mod: tel-server-1 | Tag: client-1 ] Content: 'This is test message 3'
[13:37:16][WaitKw][INFO] Waiting: 1200 ms
[13:37:16][MessageBuffer][INFO] Message added to buffer [ Mod: tel-server-1 | Tag: client-1 ] Content: 'This is test message 5'
[13:37:17][NATTContext][INFO] Data has been stored in to the variable 'var-1'. Data value: 
[13:37:17][TestSuiteKw][INFO] Test suite 'Testov√°n√≠ odes√≠l√°n√≠ zpr√°v' - Test case 'Test odesl√°n√≠ zpr√°vy 3' passed
[13:37:18][MessageBuffer][INFO] Message buffer cleared
[13:37:18][MessageBuffer][INFO] Message buffer cleared
[13:37:18][ExternalProgramRunner][INFO] (default) Termiting external application
[13:37:18][TelnetServer][INFO] (tel-server-1) Client disconnected
[13:37:18][TelnetServer][INFO] (tel-server-1) Client disconnected
[13:37:18][ProcessManager][INFO] PID (28304) removed from file
[13:37:18][ExternalProgramRunner][INFO] (default) Run external app with command: java -jar app/build/libs/app.jar localhost 9999
[13:37:18][ProcessManager][INFO] PID (28304) removed from file
[13:37:18][ExternalProgramRunner][WARNING] (default) External application ends with error: 1
[13:37:18][ProcessManager][INFO] New PID (25168) added to file
[13:37:18][WaitKw][INFO] Waiting: 200 ms
[13:37:19][TestSuiteKw][INFO] Test case 'Test p≈ôij√≠m√°n√≠ zpr√°v 1' starts executing now
[13:37:19][TelnetServer][INFO] (tel-server-1) Message send: This is message from server
[13:37:19][MessageBuffer][INFO] Message added to buffer [ Mod: default | Tag:  ] Content: 'This is message from server'
[13:37:19][WaitKw][INFO] Waiting: 1200 ms
[13:37:20][NATTContext][INFO] Data has been stored in to the variable 'var-1'. Data value: This is message from server
[13:37:20][TestSuiteKw][INFO] Test suite 'Testov√°n√≠ p≈ôij√≠m√°n√≠ zpr√°v' - Test case 'Test p≈ôij√≠m√°n√≠ zpr√°v 1' passed
[13:37:20][MessageBuffer][INFO] Message buffer cleared
[13:37:21][TestSuiteKw][INFO] Test case 'Test p≈ôij√≠m√°n√≠ zpr√°v 2' starts executing now
[13:37:21][TelnetServer][INFO] (tel-server-1) Message send: This is message from server 1
[13:37:21][MessageBuffer][INFO] Message added to buffer [ Mod: default | Tag:  ] Content: 'This is message from server 1'
[13:37:21][WaitKw][INFO] Waiting: 400 ms
[13:37:21][TelnetServer][INFO] (tel-server-1) Message send: Next message
[13:37:21][MessageBuffer][INFO] Message added to buffer [ Mod: default | Tag:  ] Content: 'Next message'
[13:37:21][WaitKw][INFO] Waiting: 900 ms
[13:37:22][NATTContext][INFO] Data has been stored in to the variable 'var-1'. Data value: This is message from server 1
[13:37:22][NATTContext][INFO] Data has been stored in to the variable 'var-2'. Data value: Next message
[13:37:22][TestSuiteKw][INFO] Test suite 'Testov√°n√≠ p≈ôij√≠m√°n√≠ zpr√°v' - Test case 'Test p≈ôij√≠m√°n√≠ zpr√°v 2' passed
[13:37:22][MessageBuffer][INFO] Message buffer cleared
[13:37:23][MessageBuffer][INFO] Message buffer cleared
[13:37:23][ExternalProgramRunner][INFO] (default) Termiting external application
[13:37:23][ProcessManager][INFO] PID (25168) removed from file
[13:37:23][ExternalProgramRunner][INFO] (default) Run external app with command: java -jar app/build/libs/app.jar localhost 9999
[13:37:23][TelnetServer][INFO] (tel-server-1) Client disconnected
[13:37:23][TelnetServer][INFO] (tel-server-1) Client disconnected
[13:37:23][ProcessManager][INFO] PID (25168) removed from file
[13:37:23][ProcessManager][INFO] New PID (29792) added to file
[13:37:23][WaitKw][INFO] Waiting: 200 ms
[13:37:23][ExternalProgramRunner][WARNING] (default) External application ends with error: 1
[13:37:23][TestSuiteKw][INFO] Test case 'Test ukonƒ?en√≠' starts executing now
[13:37:23][ExternalProgramRunner][INFO] (default) Sending message on standard stream. Message content: /QUIT
[13:37:23][WaitKw][INFO] Waiting: 1000 ms
[13:37:23][MessageBuffer][INFO] Message added to buffer [ Mod: tel-server-1 | Tag: client-3 ] Content: '/QUIT'
[13:37:24][AssertAppIsRunningKw][WARNING] Assertion failed. False was expected as the result. Condition: (External tested application is running)
[13:37:24][TestSuiteKw][ERROR] Test suite 'Test p≈ô√≠kazu pro ukonƒ?en√≠' - Test case 'Test ukonƒ?en√≠' failed
[13:37:24][MessageBuffer][INFO] Message buffer cleared
[13:37:25][MessageBuffer][INFO] Message buffer cleared
[13:37:25][ExternalProgramRunner][INFO] (default) Termiting external application
[13:37:25][ProcessManager][INFO] PID (29792) removed from file
[13:37:25][TelnetServer][INFO] (tel-server-1) Client disconnected
[13:37:25][TelnetServer][INFO] (tel-server-1) Client disconnected
[13:37:25][ProcessManager][INFO] PID (29792) removed from file
[13:37:25][MessageBuffer][INFO] Message buffer cleared
[13:37:25][TelnetServer][INFO] (tel-server-1) Telnet server [tel-server-1] terminated
[13:37:25][TelnetServer][INFO] (tel-server-1) Server socket closed
[13:37:25][NATTCore][INFO] Test executing finished
[13:37:25][NATTCore][INFO] Start generating test report
[13:37:25][ExternalProgramRunner][WARNING] (default) External application ends with error: 1
[13:37:25][TestReportGenerator][INFO] Report saved to file
[13:37:25][NATTCore][WARNING] Failed test cases: "Test ukonƒ?en√≠"
[13:37:25][NATTCore][INFO] Final score: 3.333333
[13:37:25][NATTCore][ERROR] Testing done. Leaving status: FAILED
