[12:49:04][PluginLoader][WARNING] Plugins directory not found.
[12:49:04][NATTCore][INFO] NATT CORE initialization done
Version: 1.7.0 
Configuration path: https://gitlab.com/ap5vs/test-config/telnet-client-config/-/raw/main/test-config-2.yaml?ref_type=heads
Configuration loading mode: FROM URL
[12:49:04][NATTCore][INFO] Working directory path: C:\Semester5\SietoveAplikacie\telnet-client-main\telnet-client-main
[12:49:04][NATTCore][INFO] Start loading of the configuration file ...
[12:49:05][NetworkIO][INFO] Yaml data has been loaded from network location (https://gitlab.com/ap5vs/test-config/telnet-client-config/-/raw/main/test-config-2.yaml?ref_type=heads)
[12:49:05][NATTCore][INFO] Configuration loading done
[12:49:05][NATTCore][INFO] Start building test structure according to the configuration ...
[12:49:05][NATTCore][INFO] Test structure ...
[12:49:05][NATTCore][INFO] Test structure building done
[12:49:05][NATTCore][INFO] Start test executing ...
[12:49:05][TestReportGenerator][INFO] Extenet reports generated. Final report will be saved to file: test_report.html
[12:49:05][NATTCore][INFO] Starts execution on the root keyword  ...
[12:49:05][MessageBuffer][INFO] Message buffer created for module with name: tel-server-1
[12:49:05][TelnetServer][INFO] (tel-server-1) Server socket is listening on port 9999
[12:49:05][MessageBuffer][INFO] Message buffer created for module with name: default
[12:49:05][ExternalProgramRunner][INFO] (default) Run external app with command: java -jar app/build/libs/app.jar localhost 9999
[12:49:05][ProcessManager][INFO] New PID (22028) added to file
[12:49:05][WaitKw][INFO] Waiting: 200 ms
[12:49:05][TestSuiteKw][INFO] Test case 'Test odesl√°n√≠ zpr√°vy 1' starts executing now
[12:49:05][ExternalProgramRunner][INFO] (default) Sending message on standard stream. Message content: This is test message 1
[12:49:05][WaitKw][INFO] Waiting: 500 ms
[12:49:06][ExternalProgramRunner][INFO] (default) Sending message on standard stream. Message content: Next test message
[12:49:06][WaitKw][INFO] Waiting: 1200 ms
[12:49:07][NATTContext][INFO] Data has been stored in to the variable 'var-1'. Data value: 
[12:49:07][NATTContext][INFO] Data has been stored in to the variable 'var-2'. Data value: 
[12:49:07][AssertEqualsKw][WARNING] Assertion failed. True was expected as the result. Condition: (Value of variable '' must equals expected text 'This is test message 1')
[12:49:07][AssertEqualsKw][WARNING] Assertion failed. True was expected as the result. Condition: (Value of variable '' must equals expected text 'Next test message')
[12:49:07][TestSuiteKw][ERROR] Test suite 'Testov√°n√≠ odes√≠l√°n√≠ zpr√°v' - Test case 'Test odesl√°n√≠ zpr√°vy 1' failed
[12:49:07][MessageBuffer][INFO] Message buffer cleared
[12:49:08][TestSuiteKw][INFO] Test case 'Test odesl√°n√≠ zpr√°vy 2' starts executing now
[12:49:08][ExternalProgramRunner][INFO] (default) Sending message on standard stream. Message content: This is test message 1
[12:49:08][ExternalProgramRunner][INFO] (default) Sending message on standard stream. Message content: This is test message 2
[12:49:08][ExternalProgramRunner][INFO] (default) Sending message on standard stream. Message content: This is test message 3
[12:49:08][ExternalProgramRunner][INFO] (default) Sending message on standard stream. Message content: This is test message 4
[12:49:08][ExternalProgramRunner][INFO] (default) Sending message on standard stream. Message content: This is test message 5
[12:49:08][WaitKw][INFO] Waiting: 1200 ms
[12:49:09][NATTContext][INFO] Data has been stored in to the variable 'var-1'. Data value: 
[12:49:09][AssertEqualsKw][WARNING] Assertion failed. True was expected as the result. Condition: (Value of variable '' must equals expected text 'This is test message 3')
[12:49:09][NATTContext][INFO] Data has been stored in to the variable 'var-2'. Data value: 0
[12:49:09][AssertEqualsKw][WARNING] Assertion failed. True was expected as the result. Condition: (Expected value '5.000000' must be same as the value of the variable '0')
[12:49:09][TestSuiteKw][ERROR] Test suite 'Testov√°n√≠ odes√≠l√°n√≠ zpr√°v' - Test case 'Test odesl√°n√≠ zpr√°vy 2' failed
[12:49:09][MessageBuffer][INFO] Message buffer cleared
[12:49:10][TestSuiteKw][INFO] Test case 'Test odesl√°n√≠ zpr√°vy 3' starts executing now
[12:49:10][ExternalProgramRunner][INFO] (default) Sending message on standard stream. Message content: This is test message 1
[12:49:10][ExternalProgramRunner][INFO] (default) Sending message on standard stream. Message content: This is test message 3
[12:49:10][ExternalProgramRunner][INFO] (default) Sending message on standard stream. Message content: This is test message 5
[12:49:10][WaitKw][INFO] Waiting: 1200 ms
[12:49:11][NATTContext][INFO] Data has been stored in to the variable 'var-1'. Data value: 
[12:49:11][TestSuiteKw][INFO] Test suite 'Testov√°n√≠ odes√≠l√°n√≠ zpr√°v' - Test case 'Test odesl√°n√≠ zpr√°vy 3' passed
[12:49:11][MessageBuffer][INFO] Message buffer cleared
[12:49:12][MessageBuffer][INFO] Message buffer cleared
[12:49:12][ExternalProgramRunner][INFO] (default) Termiting external application
[12:49:12][TelnetServer][INFO] (tel-server-1) Client disconnected
[12:49:12][TelnetServer][INFO] (tel-server-1) Client disconnected
[12:49:12][ProcessManager][INFO] PID (22028) removed from file
[12:49:12][ExternalProgramRunner][INFO] (default) Run external app with command: java -jar app/build/libs/app.jar localhost 9999
[12:49:12][ProcessManager][INFO] PID (22028) removed from file
[12:49:12][ExternalProgramRunner][WARNING] (default) External application ends with error: 1
[12:49:12][ProcessManager][INFO] New PID (32048) added to file
[12:49:12][WaitKw][INFO] Waiting: 200 ms
[12:49:12][TestSuiteKw][INFO] Test case 'Test p≈ôij√≠m√°n√≠ zpr√°v 1' starts executing now
[12:49:12][TelnetServer][INFO] (tel-server-1) Message send: This is message from server
[12:49:12][MessageBuffer][INFO] Message added to buffer [ Mod: default | Tag:  ] Content: 'This is message from server'
[12:49:12][WaitKw][INFO] Waiting: 1200 ms
[12:49:13][NATTContext][INFO] Data has been stored in to the variable 'var-1'. Data value: This is message from server
[12:49:13][TestSuiteKw][INFO] Test suite 'Testov√°n√≠ p≈ôij√≠m√°n√≠ zpr√°v' - Test case 'Test p≈ôij√≠m√°n√≠ zpr√°v 1' passed
[12:49:13][MessageBuffer][INFO] Message buffer cleared
[12:49:14][TestSuiteKw][INFO] Test case 'Test p≈ôij√≠m√°n√≠ zpr√°v 2' starts executing now
[12:49:14][TelnetServer][INFO] (tel-server-1) Message send: This is message from server 1
[12:49:14][MessageBuffer][INFO] Message added to buffer [ Mod: default | Tag:  ] Content: 'This is message from server 1'
[12:49:14][WaitKw][INFO] Waiting: 400 ms
[12:49:14][TelnetServer][INFO] (tel-server-1) Message send: Next message
[12:49:14][MessageBuffer][INFO] Message added to buffer [ Mod: default | Tag:  ] Content: 'Next message'
[12:49:14][WaitKw][INFO] Waiting: 900 ms
[12:49:15][NATTContext][INFO] Data has been stored in to the variable 'var-1'. Data value: This is message from server 1
[12:49:15][NATTContext][INFO] Data has been stored in to the variable 'var-2'. Data value: Next message
[12:49:15][TestSuiteKw][INFO] Test suite 'Testov√°n√≠ p≈ôij√≠m√°n√≠ zpr√°v' - Test case 'Test p≈ôij√≠m√°n√≠ zpr√°v 2' passed
[12:49:15][MessageBuffer][INFO] Message buffer cleared
[12:49:16][MessageBuffer][INFO] Message buffer cleared
[12:49:16][ExternalProgramRunner][INFO] (default) Termiting external application
[12:49:16][ProcessManager][INFO] PID (32048) removed from file
[12:49:16][ExternalProgramRunner][INFO] (default) Run external app with command: java -jar app/build/libs/app.jar localhost 9999
[12:49:16][TelnetServer][INFO] (tel-server-1) Client disconnected
[12:49:16][TelnetServer][INFO] (tel-server-1) Client disconnected
[12:49:16][ProcessManager][INFO] PID (32048) removed from file
[12:49:16][ProcessManager][INFO] New PID (12380) added to file
[12:49:16][WaitKw][INFO] Waiting: 200 ms
[12:49:16][ExternalProgramRunner][WARNING] (default) External application ends with error: 1
[12:49:16][TestSuiteKw][INFO] Test case 'Test ukonƒ?en√≠' starts executing now
[12:49:16][ExternalProgramRunner][INFO] (default) Sending message on standard stream. Message content: /QUIT
[12:49:16][WaitKw][INFO] Waiting: 1000 ms
[12:49:17][AssertAppIsRunningKw][WARNING] Assertion failed. False was expected as the result. Condition: (External tested application is running)
[12:49:17][TestSuiteKw][ERROR] Test suite 'Test p≈ô√≠kazu pro ukonƒ?en√≠' - Test case 'Test ukonƒ?en√≠' failed
[12:49:18][MessageBuffer][INFO] Message buffer cleared
[12:49:18][MessageBuffer][INFO] Message buffer cleared
[12:49:18][ExternalProgramRunner][INFO] (default) Termiting external application
[12:49:18][ProcessManager][INFO] PID (12380) removed from file
[12:49:18][TelnetServer][INFO] (tel-server-1) Client disconnected
[12:49:18][TelnetServer][INFO] (tel-server-1) Client disconnected
[12:49:18][ProcessManager][INFO] PID (12380) removed from file
[12:49:18][MessageBuffer][INFO] Message buffer cleared
[12:49:18][TelnetServer][INFO] (tel-server-1) Telnet server [tel-server-1] terminated
[12:49:18][NATTCore][INFO] Test executing finished
[12:49:18][TelnetServer][INFO] (tel-server-1) Server socket closed
[12:49:18][NATTCore][INFO] Start generating test report
[12:49:18][ExternalProgramRunner][WARNING] (default) External application ends with error: 1
[12:49:19][TestReportGenerator][INFO] Report saved to file
[12:49:19][NATTCore][WARNING] Failed test cases: "Test odesl√°n√≠ zpr√°vy 1", "Test odesl√°n√≠ zpr√°vy 2", "Test ukonƒ?en√≠"
[12:49:19][NATTCore][INFO] Final score: 2.000000
[12:49:19][NATTCore][ERROR] Testing done. Leaving status: FAILED
