[13:27:37][PluginLoader][WARNING] Plugins directory not found.
[13:27:37][NATTCore][INFO] NATT CORE initialization done
Version: 1.7.0 
Configuration path: https://gitlab.com/ap5vs/test-config/telnet-client-config/-/raw/main/test-config-2.yaml?ref_type=heads
Configuration loading mode: FROM URL
[13:27:37][NATTCore][INFO] Working directory path: C:\Semester5\SietoveAplikacie\telnet-client-main\telnet-client-main
[13:27:37][NATTCore][INFO] Start loading of the configuration file ...
[13:27:38][NetworkIO][INFO] Yaml data has been loaded from network location (https://gitlab.com/ap5vs/test-config/telnet-client-config/-/raw/main/test-config-2.yaml?ref_type=heads)
[13:27:38][NATTCore][INFO] Configuration loading done
[13:27:38][NATTCore][INFO] Start building test structure according to the configuration ...
[13:27:38][NATTCore][INFO] Test structure ...
[13:27:38][NATTCore][INFO] Test structure building done
[13:27:38][NATTCore][INFO] Start test executing ...
[13:27:38][TestReportGenerator][INFO] Extenet reports generated. Final report will be saved to file: test_report.html
[13:27:38][NATTCore][INFO] Starts execution on the root keyword  ...
[13:27:38][MessageBuffer][INFO] Message buffer created for module with name: tel-server-1
[13:27:38][TelnetServer][INFO] (tel-server-1) Server socket is listening on port 9999
[13:27:38][MessageBuffer][INFO] Message buffer created for module with name: default
[13:27:38][ExternalProgramRunner][INFO] (default) Run external app with command: java -jar app/build/libs/app.jar localhost 9999
[13:27:38][ProcessManager][INFO] New PID (32612) added to file
[13:27:38][WaitKw][INFO] Waiting: 200 ms
[13:27:38][TestSuiteKw][INFO] Test case 'Test odesl√°n√≠ zpr√°vy 1' starts executing now
[13:27:38][ExternalProgramRunner][INFO] (default) Sending message on standard stream. Message content: This is test message 1
[13:27:38][WaitKw][INFO] Waiting: 500 ms
[13:27:38][MessageBuffer][INFO] Message added to buffer [ Mod: tel-server-1 | Tag: client-1 ] Content: 'This is test message 1'
[13:27:39][ExternalProgramRunner][INFO] (default) Sending message on standard stream. Message content: Next test message
[13:27:39][WaitKw][INFO] Waiting: 1200 ms
[13:27:39][MessageBuffer][INFO] Message added to buffer [ Mod: tel-server-1 | Tag: client-1 ] Content: 'Next test message'
[13:27:40][NATTContext][INFO] Data has been stored in to the variable 'var-1'. Data value: This is test message 1
[13:27:40][NATTContext][INFO] Data has been stored in to the variable 'var-2'. Data value: Next test message
[13:27:40][TestSuiteKw][INFO] Test suite 'Testov√°n√≠ odes√≠l√°n√≠ zpr√°v' - Test case 'Test odesl√°n√≠ zpr√°vy 1' passed
[13:27:40][MessageBuffer][INFO] Message buffer cleared
[13:27:41][TestSuiteKw][INFO] Test case 'Test odesl√°n√≠ zpr√°vy 2' starts executing now
[13:27:41][ExternalProgramRunner][INFO] (default) Sending message on standard stream. Message content: This is test message 1
[13:27:41][MessageBuffer][INFO] Message added to buffer [ Mod: tel-server-1 | Tag: client-1 ] Content: 'This is test message 1'
[13:27:41][ExternalProgramRunner][INFO] (default) Sending message on standard stream. Message content: This is test message 2
[13:27:41][ExternalProgramRunner][INFO] (default) Sending message on standard stream. Message content: This is test message 3
[13:27:41][MessageBuffer][INFO] Message added to buffer [ Mod: tel-server-1 | Tag: client-1 ] Content: 'This is test message 2'
[13:27:41][ExternalProgramRunner][INFO] (default) Sending message on standard stream. Message content: This is test message 4
[13:27:41][MessageBuffer][INFO] Message added to buffer [ Mod: tel-server-1 | Tag: client-1 ] Content: 'This is test message 3'
[13:27:41][ExternalProgramRunner][INFO] (default) Sending message on standard stream. Message content: This is test message 5
[13:27:41][MessageBuffer][INFO] Message added to buffer [ Mod: tel-server-1 | Tag: client-1 ] Content: 'This is test message 4'
[13:27:41][WaitKw][INFO] Waiting: 1200 ms
[13:27:41][MessageBuffer][INFO] Message added to buffer [ Mod: tel-server-1 | Tag: client-1 ] Content: 'This is test message 5'
[13:27:42][NATTContext][INFO] Data has been stored in to the variable 'var-1'. Data value: This is test message 3
[13:27:42][NATTContext][INFO] Data has been stored in to the variable 'var-2'. Data value: 5
[13:27:42][TestSuiteKw][INFO] Test suite 'Testov√°n√≠ odes√≠l√°n√≠ zpr√°v' - Test case 'Test odesl√°n√≠ zpr√°vy 2' passed
[13:27:42][MessageBuffer][INFO] Message buffer cleared
[13:27:42][TestSuiteKw][INFO] Test case 'Test odesl√°n√≠ zpr√°vy 3' starts executing now
[13:27:42][ExternalProgramRunner][INFO] (default) Sending message on standard stream. Message content: This is test message 1
[13:27:42][ExternalProgramRunner][INFO] (default) Sending message on standard stream. Message content: This is test message 3
[13:27:42][MessageBuffer][INFO] Message added to buffer [ Mod: tel-server-1 | Tag: client-1 ] Content: 'This is test message 1'
[13:27:42][ExternalProgramRunner][INFO] (default) Sending message on standard stream. Message content: This is test message 5
[13:27:42][MessageBuffer][INFO] Message added to buffer [ Mod: tel-server-1 | Tag: client-1 ] Content: 'This is test message 3'
[13:27:42][WaitKw][INFO] Waiting: 1200 ms
[13:27:42][MessageBuffer][INFO] Message added to buffer [ Mod: tel-server-1 | Tag: client-1 ] Content: 'This is test message 5'
[13:27:44][NATTContext][INFO] Data has been stored in to the variable 'var-1'. Data value: 
[13:27:44][TestSuiteKw][INFO] Test suite 'Testov√°n√≠ odes√≠l√°n√≠ zpr√°v' - Test case 'Test odesl√°n√≠ zpr√°vy 3' passed
[13:27:44][MessageBuffer][INFO] Message buffer cleared
[13:27:44][MessageBuffer][INFO] Message buffer cleared
[13:27:44][ExternalProgramRunner][INFO] (default) Termiting external application
[13:27:44][TelnetServer][INFO] (tel-server-1) Client disconnected
[13:27:44][TelnetServer][INFO] (tel-server-1) Client disconnected
[13:27:44][ProcessManager][INFO] PID (32612) removed from file
[13:27:44][ExternalProgramRunner][INFO] (default) Run external app with command: java -jar app/build/libs/app.jar localhost 9999
[13:27:44][ProcessManager][INFO] PID (32612) removed from file
[13:27:44][ExternalProgramRunner][WARNING] (default) External application ends with error: 1
[13:27:44][ProcessManager][INFO] New PID (32824) added to file
[13:27:44][WaitKw][INFO] Waiting: 200 ms
[13:27:45][TestSuiteKw][INFO] Test case 'Test p≈ôij√≠m√°n√≠ zpr√°v 1' starts executing now
[13:27:45][TelnetServer][INFO] (tel-server-1) Message send: This is message from server
[13:27:45][MessageBuffer][INFO] Message added to buffer [ Mod: default | Tag:  ] Content: 'This is message from server'
[13:27:45][WaitKw][INFO] Waiting: 1200 ms
[13:27:46][NATTContext][INFO] Data has been stored in to the variable 'var-1'. Data value: This is message from server
[13:27:46][TestSuiteKw][INFO] Test suite 'Testov√°n√≠ p≈ôij√≠m√°n√≠ zpr√°v' - Test case 'Test p≈ôij√≠m√°n√≠ zpr√°v 1' passed
[13:27:46][MessageBuffer][INFO] Message buffer cleared
[13:27:47][TestSuiteKw][INFO] Test case 'Test p≈ôij√≠m√°n√≠ zpr√°v 2' starts executing now
[13:27:47][TelnetServer][INFO] (tel-server-1) Message send: This is message from server 1
[13:27:47][MessageBuffer][INFO] Message added to buffer [ Mod: default | Tag:  ] Content: 'This is message from server 1'
[13:27:47][WaitKw][INFO] Waiting: 400 ms
[13:27:47][TelnetServer][INFO] (tel-server-1) Message send: Next message
[13:27:47][MessageBuffer][INFO] Message added to buffer [ Mod: default | Tag:  ] Content: 'Next message'
[13:27:47][WaitKw][INFO] Waiting: 900 ms
[13:27:48][NATTContext][INFO] Data has been stored in to the variable 'var-1'. Data value: This is message from server 1
[13:27:48][NATTContext][INFO] Data has been stored in to the variable 'var-2'. Data value: Next message
[13:27:48][TestSuiteKw][INFO] Test suite 'Testov√°n√≠ p≈ôij√≠m√°n√≠ zpr√°v' - Test case 'Test p≈ôij√≠m√°n√≠ zpr√°v 2' passed
[13:27:48][MessageBuffer][INFO] Message buffer cleared
[13:27:49][MessageBuffer][INFO] Message buffer cleared
[13:27:49][ExternalProgramRunner][INFO] (default) Termiting external application
[13:27:49][ProcessManager][INFO] PID (32824) removed from file
[13:27:49][ExternalProgramRunner][INFO] (default) Run external app with command: java -jar app/build/libs/app.jar localhost 9999
[13:27:49][TelnetServer][INFO] (tel-server-1) Client disconnected
[13:27:49][TelnetServer][INFO] (tel-server-1) Client disconnected
[13:27:49][ProcessManager][INFO] PID (32824) removed from file
[13:27:49][ProcessManager][INFO] New PID (27896) added to file
[13:27:49][WaitKw][INFO] Waiting: 200 ms
[13:27:49][ExternalProgramRunner][WARNING] (default) External application ends with error: 1
[13:27:49][TestSuiteKw][INFO] Test case 'Test ukonƒ?en√≠' starts executing now
[13:27:49][ExternalProgramRunner][INFO] (default) Sending message on standard stream. Message content: /QUIT
[13:27:49][WaitKw][INFO] Waiting: 1000 ms
[13:27:49][MessageBuffer][INFO] Message added to buffer [ Mod: tel-server-1 | Tag: client-3 ] Content: '/QUIT'
[13:27:50][AssertAppIsRunningKw][WARNING] Assertion failed. False was expected as the result. Condition: (External tested application is running)
[13:27:50][TestSuiteKw][ERROR] Test suite 'Test p≈ô√≠kazu pro ukonƒ?en√≠' - Test case 'Test ukonƒ?en√≠' failed
[13:27:50][MessageBuffer][INFO] Message buffer cleared
[13:27:51][MessageBuffer][INFO] Message buffer cleared
[13:27:51][ExternalProgramRunner][INFO] (default) Termiting external application
[13:27:51][ProcessManager][INFO] PID (27896) removed from file
[13:27:51][TelnetServer][INFO] (tel-server-1) Client disconnected
[13:27:51][TelnetServer][INFO] (tel-server-1) Client disconnected
[13:27:51][ProcessManager][INFO] PID (27896) removed from file
[13:27:51][MessageBuffer][INFO] Message buffer cleared
[13:27:51][TelnetServer][INFO] (tel-server-1) Telnet server [tel-server-1] terminated
[13:27:51][TelnetServer][INFO] (tel-server-1) Server socket closed
[13:27:51][NATTCore][INFO] Test executing finished
[13:27:51][NATTCore][INFO] Start generating test report
[13:27:51][ExternalProgramRunner][WARNING] (default) External application ends with error: 1
[13:27:51][TestReportGenerator][INFO] Report saved to file
[13:27:51][NATTCore][WARNING] Failed test cases: "Test ukonƒ?en√≠"
[13:27:51][NATTCore][INFO] Final score: 3.333333
[13:27:51][NATTCore][ERROR] Testing done. Leaving status: FAILED
