[13:18:03][PluginLoader][WARNING] Plugins directory not found.
[13:18:03][NATTCore][INFO] NATT CORE initialization done
Version: 1.7.0 
Configuration path: https://gitlab.com/ap5vs/test-config/telnet-client-config/-/raw/main/test-config-2.yaml?ref_type=heads
Configuration loading mode: FROM URL
[13:18:03][NATTCore][INFO] Working directory path: C:\Semester5\SietoveAplikacie\telnet-client-main\telnet-client-main
[13:18:03][NATTCore][INFO] Start loading of the configuration file ...
[13:18:04][NetworkIO][INFO] Yaml data has been loaded from network location (https://gitlab.com/ap5vs/test-config/telnet-client-config/-/raw/main/test-config-2.yaml?ref_type=heads)
[13:18:04][NATTCore][INFO] Configuration loading done
[13:18:04][NATTCore][INFO] Start building test structure according to the configuration ...
[13:18:04][NATTCore][INFO] Test structure ...
[13:18:04][NATTCore][INFO] Test structure building done
[13:18:04][NATTCore][INFO] Start test executing ...
[13:18:04][TestReportGenerator][INFO] Extenet reports generated. Final report will be saved to file: test_report.html
[13:18:04][NATTCore][INFO] Starts execution on the root keyword  ...
[13:18:04][MessageBuffer][INFO] Message buffer created for module with name: tel-server-1
[13:18:04][TelnetServer][INFO] (tel-server-1) Server socket is listening on port 9999
[13:18:04][MessageBuffer][INFO] Message buffer created for module with name: default
[13:18:04][ExternalProgramRunner][INFO] (default) Run external app with command: java -jar app/build/libs/app.jar localhost 9999
[13:18:04][ProcessManager][INFO] New PID (19780) added to file
[13:18:04][WaitKw][INFO] Waiting: 200 ms
[13:18:04][TestSuiteKw][INFO] Test case 'Test odesl√°n√≠ zpr√°vy 1' starts executing now
[13:18:04][ExternalProgramRunner][INFO] (default) Sending message on standard stream. Message content: This is test message 1
[13:18:04][WaitKw][INFO] Waiting: 500 ms
[13:18:05][ExternalProgramRunner][INFO] (default) Sending message on standard stream. Message content: Next test message
[13:18:05][WaitKw][INFO] Waiting: 1200 ms
[13:18:06][NATTContext][INFO] Data has been stored in to the variable 'var-1'. Data value: 
[13:18:06][NATTContext][INFO] Data has been stored in to the variable 'var-2'. Data value: 
[13:18:06][AssertEqualsKw][WARNING] Assertion failed. True was expected as the result. Condition: (Value of variable '' must equals expected text 'This is test message 1')
[13:18:06][AssertEqualsKw][WARNING] Assertion failed. True was expected as the result. Condition: (Value of variable '' must equals expected text 'Next test message')
[13:18:06][TestSuiteKw][ERROR] Test suite 'Testov√°n√≠ odes√≠l√°n√≠ zpr√°v' - Test case 'Test odesl√°n√≠ zpr√°vy 1' failed
[13:18:06][MessageBuffer][INFO] Message buffer cleared
[13:18:07][TestSuiteKw][INFO] Test case 'Test odesl√°n√≠ zpr√°vy 2' starts executing now
[13:18:07][ExternalProgramRunner][INFO] (default) Sending message on standard stream. Message content: This is test message 1
[13:18:07][ExternalProgramRunner][INFO] (default) Sending message on standard stream. Message content: This is test message 2
[13:18:07][ExternalProgramRunner][INFO] (default) Sending message on standard stream. Message content: This is test message 3
[13:18:07][ExternalProgramRunner][INFO] (default) Sending message on standard stream. Message content: This is test message 4
[13:18:07][ExternalProgramRunner][INFO] (default) Sending message on standard stream. Message content: This is test message 5
[13:18:07][WaitKw][INFO] Waiting: 1200 ms
[13:18:08][NATTContext][INFO] Data has been stored in to the variable 'var-1'. Data value: 
[13:18:08][AssertEqualsKw][WARNING] Assertion failed. True was expected as the result. Condition: (Value of variable '' must equals expected text 'This is test message 3')
[13:18:08][NATTContext][INFO] Data has been stored in to the variable 'var-2'. Data value: 0
[13:18:08][AssertEqualsKw][WARNING] Assertion failed. True was expected as the result. Condition: (Expected value '5.000000' must be same as the value of the variable '0')
[13:18:08][TestSuiteKw][ERROR] Test suite 'Testov√°n√≠ odes√≠l√°n√≠ zpr√°v' - Test case 'Test odesl√°n√≠ zpr√°vy 2' failed
[13:18:08][MessageBuffer][INFO] Message buffer cleared
[13:18:09][TestSuiteKw][INFO] Test case 'Test odesl√°n√≠ zpr√°vy 3' starts executing now
[13:18:09][ExternalProgramRunner][INFO] (default) Sending message on standard stream. Message content: This is test message 1
[13:18:09][ExternalProgramRunner][INFO] (default) Sending message on standard stream. Message content: This is test message 3
[13:18:09][ExternalProgramRunner][INFO] (default) Sending message on standard stream. Message content: This is test message 5
[13:18:09][WaitKw][INFO] Waiting: 1200 ms
[13:18:10][NATTContext][INFO] Data has been stored in to the variable 'var-1'. Data value: 
[13:18:10][TestSuiteKw][INFO] Test suite 'Testov√°n√≠ odes√≠l√°n√≠ zpr√°v' - Test case 'Test odesl√°n√≠ zpr√°vy 3' passed
[13:18:10][MessageBuffer][INFO] Message buffer cleared
[13:18:11][MessageBuffer][INFO] Message buffer cleared
[13:18:11][ExternalProgramRunner][INFO] (default) Termiting external application
[13:18:11][TelnetServer][INFO] (tel-server-1) Client disconnected
[13:18:11][TelnetServer][INFO] (tel-server-1) Client disconnected
[13:18:11][ProcessManager][INFO] PID (19780) removed from file
[13:18:11][ExternalProgramRunner][INFO] (default) Run external app with command: java -jar app/build/libs/app.jar localhost 9999
[13:18:11][ProcessManager][INFO] PID (19780) removed from file
[13:18:11][ProcessManager][INFO] New PID (32488) added to file
[13:18:11][ExternalProgramRunner][WARNING] (default) External application ends with error: 1
[13:18:11][WaitKw][INFO] Waiting: 200 ms
[13:18:11][TestSuiteKw][INFO] Test case 'Test p≈ôij√≠m√°n√≠ zpr√°v 1' starts executing now
[13:18:11][TelnetServer][INFO] (tel-server-1) Message send: This is message from server
[13:18:11][MessageBuffer][INFO] Message added to buffer [ Mod: default | Tag:  ] Content: 'This is message from server'
[13:18:11][WaitKw][INFO] Waiting: 1200 ms
[13:18:12][NATTContext][INFO] Data has been stored in to the variable 'var-1'. Data value: This is message from server
[13:18:12][TestSuiteKw][INFO] Test suite 'Testov√°n√≠ p≈ôij√≠m√°n√≠ zpr√°v' - Test case 'Test p≈ôij√≠m√°n√≠ zpr√°v 1' passed
[13:18:12][MessageBuffer][INFO] Message buffer cleared
[13:18:13][TestSuiteKw][INFO] Test case 'Test p≈ôij√≠m√°n√≠ zpr√°v 2' starts executing now
[13:18:13][TelnetServer][INFO] (tel-server-1) Message send: This is message from server 1
[13:18:13][MessageBuffer][INFO] Message added to buffer [ Mod: default | Tag:  ] Content: 'This is message from server 1'
[13:18:13][WaitKw][INFO] Waiting: 400 ms
[13:18:13][TelnetServer][INFO] (tel-server-1) Message send: Next message
[13:18:13][MessageBuffer][INFO] Message added to buffer [ Mod: default | Tag:  ] Content: 'Next message'
[13:18:13][WaitKw][INFO] Waiting: 900 ms
[13:18:14][NATTContext][INFO] Data has been stored in to the variable 'var-1'. Data value: This is message from server 1
[13:18:14][NATTContext][INFO] Data has been stored in to the variable 'var-2'. Data value: Next message
[13:18:14][TestSuiteKw][INFO] Test suite 'Testov√°n√≠ p≈ôij√≠m√°n√≠ zpr√°v' - Test case 'Test p≈ôij√≠m√°n√≠ zpr√°v 2' passed
[13:18:14][MessageBuffer][INFO] Message buffer cleared
[13:18:15][MessageBuffer][INFO] Message buffer cleared
[13:18:15][ExternalProgramRunner][INFO] (default) Termiting external application
[13:18:15][ProcessManager][INFO] PID (32488) removed from file
[13:18:15][ExternalProgramRunner][INFO] (default) Run external app with command: java -jar app/build/libs/app.jar localhost 9999
[13:18:15][TelnetServer][INFO] (tel-server-1) Client disconnected
[13:18:15][TelnetServer][INFO] (tel-server-1) Client disconnected
[13:18:15][ProcessManager][INFO] PID (32488) removed from file
[13:18:15][ProcessManager][INFO] New PID (30512) added to file
[13:18:15][WaitKw][INFO] Waiting: 200 ms
[13:18:15][ExternalProgramRunner][WARNING] (default) External application ends with error: 1
[13:18:15][TestSuiteKw][INFO] Test case 'Test ukonƒ?en√≠' starts executing now
[13:18:15][ExternalProgramRunner][INFO] (default) Sending message on standard stream. Message content: /QUIT
[13:18:15][WaitKw][INFO] Waiting: 1000 ms
[13:18:16][AssertAppIsRunningKw][WARNING] Assertion failed. False was expected as the result. Condition: (External tested application is running)
[13:18:16][TestSuiteKw][ERROR] Test suite 'Test p≈ô√≠kazu pro ukonƒ?en√≠' - Test case 'Test ukonƒ?en√≠' failed
[13:18:17][MessageBuffer][INFO] Message buffer cleared
[13:18:17][MessageBuffer][INFO] Message buffer cleared
[13:18:17][ExternalProgramRunner][INFO] (default) Termiting external application
[13:18:17][ProcessManager][INFO] PID (30512) removed from file
[13:18:17][TelnetServer][INFO] (tel-server-1) Client disconnected
[13:18:17][TelnetServer][INFO] (tel-server-1) Client disconnected
[13:18:17][ProcessManager][INFO] PID (30512) removed from file
[13:18:17][MessageBuffer][INFO] Message buffer cleared
[13:18:17][TelnetServer][INFO] (tel-server-1) Telnet server [tel-server-1] terminated
[13:18:17][TelnetServer][INFO] (tel-server-1) Server socket closed
[13:18:17][NATTCore][INFO] Test executing finished
[13:18:17][NATTCore][INFO] Start generating test report
[13:18:17][ExternalProgramRunner][WARNING] (default) External application ends with error: 1
[13:18:17][TestReportGenerator][INFO] Report saved to file
[13:18:17][NATTCore][WARNING] Failed test cases: "Test odesl√°n√≠ zpr√°vy 1", "Test odesl√°n√≠ zpr√°vy 2", "Test ukonƒ?en√≠"
[13:18:17][NATTCore][INFO] Final score: 2.000000
[13:18:17][NATTCore][ERROR] Testing done. Leaving status: FAILED
